<?xml version="1.0" encoding="UTF-8"?>
<!-- Generated by org.testng.reporters.JUnitXMLReporter -->
<testsuite hostname="Ak47" ignored="0" name="Default test" tests="3" failures="0" timestamp="2022-10-19T17:37:09 GMT-12:00" time="51.014" errors="0">
  <testcase name="VerifyingFullTimeQA" time="2.897" classname="numadicTestCases.NumadicTest2"/>
  <testcase name="ApplyHereButtonActions" time="6.475" classname="numadicTestCases.NumadicTest2"/>
  <testcase name="VerifyingRedirectBack" time="0.026" classname="numadicTestCases.NumadicTest2"/>
</testsuite> <!-- Default test -->
