<?xml version="1.0" encoding="UTF-8"?>
<!-- Generated by org.testng.reporters.JUnitXMLReporter -->
<testsuite hostname="Ak47" ignored="0" name="Tests" tests="16" failures="0" timestamp="2022-10-19T17:48:39 GMT-12:00" time="150.059" errors="0">
  <testcase name="VerifyingHeader" time="9.86" classname="numadicTestCases.NumadicTest1"/>
  <testcase name="VerifyingIntership" time="0.803" classname="numadicTestCases.NumadicTest1"/>
  <testcase name="VerifyingFullTimeQA" time="0.948" classname="numadicTestCases.NumadicTest2"/>
  <testcase name="ApplyHereButtonActions" time="5.561" classname="numadicTestCases.NumadicTest2"/>
  <testcase name="VerifyingRedirectBack" time="0.022" classname="numadicTestCases.NumadicTest2"/>
  <testcase name="ClickingOnQaApplyButton" time="1.122" classname="numadicTestCases.NumadicTest3"/>
  <testcase name="ValidatingErrorMsgForPersonalDetails" time="8.547" classname="numadicTestCases.NumadicTest3"/>
  <testcase name="ValidatingPersonalDetailsFirstName" time="6.039" classname="numadicTestCases.NumadicTest3"/>
  <testcase name="ValidatingPersonalDetailsLastName" time="1.21" classname="numadicTestCases.NumadicTest3"/>
  <testcase name="ValidatingPersonalDetailsEmail" time="1.039" classname="numadicTestCases.NumadicTest3"/>
  <testcase name="ValidatingPersonalDetailsMobileNumber" time="1.235" classname="numadicTestCases.NumadicTest3"/>
  <testcase name="ValidatingPersonalDetailsCurrentCity" time="0.893" classname="numadicTestCases.NumadicTest3"/>
  <testcase name="ValidatingPersonalDetailsHometown" time="0.934" classname="numadicTestCases.NumadicTest3"/>
  <testcase name="ValidatingSportsDropDown" time="3.53" classname="numadicTestCases.NumadicTest3"/>
  <testcase name="ValidatingPetsDown" time="4.119" classname="numadicTestCases.NumadicTest3"/>
  <testcase name="ValidatingDateOfBirth" time="1.319" classname="numadicTestCases.NumadicTest3"/>
</testsuite> <!-- Tests -->
